<?xml version="1.0" encoding="UTF-8"?>
<!-- Generated by org.testng.reporters.JUnitXMLReporter -->
<testsuite hostname="Guru" name="TestFirefox" tests="1" failures="0" timestamp="24 Sep 2016 14:30:18 GMT" time="53.055" errors="0">
  <testcase name="@BeforeTest preCondition" time="0.0" classname="scripts.verifyItemSearchOnHomePage">
    <failure type="org.openqa.selenium.WebDriverException" message="Failed to connect to binary FirefoxBinary(C:\Program Files\Mozilla Firefox\firefox.exe) on port 7055; process output follows: 
:null,&amp;quot;updateKey&amp;quot;:null,&amp;quot;optionsURL&amp;quot;:null,&amp;quot;optionsType&amp;quot;:null,&amp;quot;aboutURL&amp;quot;:null,&amp;quot;icons&amp;quot;:{},&amp;quot;iconURL&amp;quot;:&amp;quot;chrome://wrc/content/common/skin/img/icon48.png&amp;quot;,&amp;quot;icon64URL&amp;quot;:null,&amp;quot;defaultLocale&amp;quot;:{&amp;quot;name&amp;quot;:&amp;quot;Avast Online Security&amp;quot;,&amp;quot;description&amp;quot;:&amp;quot;Avast Browser Security and Web Reputation Plugin. Offering protection against known phishing and malware sites, improving your browsing overall browsing experience with crowd sourced web reputation rating.&amp;quot;,&amp;quot;creator&amp;quot;:&amp;quot;AVAST Software&amp;quot;,&amp;quot;homepageURL&amp;quot;:&amp;quot;http://www.avast.com/&amp;quot;},&amp;quot;visible&amp;quot;:true,&amp;quot;active&amp;quot;:false,&amp;quot;userDisabled&amp;quot;:true,&amp;quot;appDisabled&amp;quot;:false,&amp;quot;descriptor&amp;quot;:&amp;quot;C:\\Program Files\\AVAST Software\\Avast\\WebRep\\FF&amp;quot;,&amp;quot;installDate&amp;quot;:1462939595170,&amp;quot;updateDate&amp;quot;:1462939595170,&amp;quot;applyBackgroundUpdates&amp;quot;:1,&amp;quot;bootstrap&amp;quot;:true,&amp;quot;skinnable&amp;quot;:false,&amp;quot;size&amp;quot;:2174460,&amp;quot;sourceURI&amp;quot;:null,&amp;quot;releaseNotesURI&amp;quot;:null,&amp;quot;softDisabled&amp;quot;:false,&amp;quot;foreignInstall&amp;quot;:true,&amp;quot;hasBinaryComponents&amp;quot;:false,&amp;quot;strictCompatibility&amp;quot;:false,&amp;quot;locales&amp;quot;:[],&amp;quot;targetApplications&amp;quot;:[{&amp;quot;id&amp;quot;:&amp;quot;{ec8030f7-c20a-464f-9b0e-13a3a9e97384}&amp;quot;,&amp;quot;minVersion&amp;quot;:&amp;quot;38.0a1&amp;quot;,&amp;quot;maxVersion&amp;quot;:&amp;quot;43.0&amp;quot;}],&amp;quot;targetPlatforms&amp;quot;:[],&amp;quot;multiprocessCompatible&amp;quot;:false,&amp;quot;signedState&amp;quot;:2,&amp;quot;seen&amp;quot;:true}
1474727405612	DeferredSave.extensions.json	DEBUG	Save changes
1474727405612	addons.xpi	DEBUG	Updating database with changes to installed add-ons
1474727405612	addons.xpi-utils	DEBUG	Updating add-on states
1474727405617	addons.xpi-utils	DEBUG	Writing add-ons list
1474727405632	addons.xpi	DEBUG	Registering manifest for C:\Program Files\Mozilla Firefox\browser\features\e10srollout@mozilla.org.xpi
1474727405634	addons.xpi	DEBUG	Calling bootstrap method startup on e10srollout@mozilla.org version 1.0
1474727405635	addons.xpi	DEBUG	Registering manifest for C:\Program Files\Mozilla Firefox\browser\features\firefox@getpocket.com.xpi
1474727405637	addons.xpi	DEBUG	Calling bootstrap method startup on firefox@getpocket.com version 1.0
1474727405640	addons.xpi	DEBUG	Registering manifest for C:\Program Files\Mozilla Firefox\browser\features\loop@mozilla.org.xpi
1474727405642	addons.xpi	DEBUG	Calling bootstrap method startup on loop@mozilla.org version 1.2.6
1474727405770	addons.manager	DEBUG	Registering shutdown blocker for XPIProvider
1474727405771	addons.manager	DEBUG	Provider finished startup: XPIProvider
1474727405771	addons.manager	DEBUG	Starting provider: LightweightThemeManager
1474727405771	addons.manager	DEBUG	Registering shutdown blocker for LightweightThemeManager
1474727405772	addons.manager	DEBUG	Provider finished startup: LightweightThemeManager
1474727405773	addons.manager	DEBUG	Starting provider: GMPProvider
1474727405804	addons.manager	DEBUG	Registering shutdown blocker for GMPProvider
1474727405805	addons.manager	DEBUG	Provider finished startup: GMPProvider
1474727405805	addons.manager	DEBUG	Starting provider: PluginProvider
1474727405806	addons.manager	DEBUG	Registering shutdown blocker for PluginProvider
1474727405807	addons.manager	DEBUG	Provider finished startup: PluginProvider
1474727405808	addons.manager	DEBUG	Completed startup sequence
1474727409687	addons.manager	DEBUG	Starting provider: &amp;lt;unnamed-provider&amp;gt;
1474727409688	addons.manager	DEBUG	Registering shutdown blocker for &amp;lt;unnamed-provider&amp;gt;
1474727409688	addons.manager	DEBUG	Provider finished startup: &amp;lt;unnamed-provider&amp;gt;
1474727409705	DeferredSave.extensions.json	DEBUG	Write succeeded
1474727409705	DeferredSave.extensions.json	DEBUG	Starting timer
1474727410007	DeferredSave.extensions.json	DEBUG	Starting write
1474727411121	addons.repository	DEBUG	No addons.json found.
1474727411167	DeferredSave.addons.json	DEBUG	Save changes
1474727411191	DeferredSave.addons.json	DEBUG	Starting timer
1474727411487	addons.manager	DEBUG	Starting provider: PreviousExperimentProvider
1474727411487	addons.manager	DEBUG	Registering shutdown blocker for PreviousExperimentProvider
1474727411488	addons.manager	DEBUG	Provider finished startup: PreviousExperimentProvider
1474727411554	DeferredSave.addons.json	DEBUG	Starting write
1474727411709	DeferredSave.extensions.json	DEBUG	Write succeeded
1474727412378	DeferredSave.addons.json	DEBUG	Write succeeded

Build info: version: &amp;apos;2.53.1&amp;apos;, revision: &amp;apos;a36b8b1&amp;apos;, time: &amp;apos;2016-06-30 17:37:03&amp;apos;
System info: host: &amp;apos;Guru&amp;apos;, ip: &amp;apos;192.168.1.7&amp;apos;, os.name: &amp;apos;Windows 10&amp;apos;, os.arch: &amp;apos;amd64&amp;apos;, os.version: &amp;apos;10.0&amp;apos;, java.version: &amp;apos;1.8.0_91&amp;apos;
Driver info: driver.version: FirefoxDriver">
      <![CDATA[org.openqa.selenium.WebDriverException: Failed to connect to binary FirefoxBinary(C:\Program Files\Mozilla Firefox\firefox.exe) on port 7055; process output follows: 
:null,"updateKey":null,"optionsURL":null,"optionsType":null,"aboutURL":null,"icons":{},"iconURL":"chrome://wrc/content/common/skin/img/icon48.png","icon64URL":null,"defaultLocale":{"name":"Avast Online Security","description":"Avast Browser Security and Web Reputation Plugin. Offering protection against known phishing and malware sites, improving your browsing overall browsing experience with crowd sourced web reputation rating.","creator":"AVAST Software","homepageURL":"http://www.avast.com/"},"visible":true,"active":false,"userDisabled":true,"appDisabled":false,"descriptor":"C:\\Program Files\\AVAST Software\\Avast\\WebRep\\FF","installDate":1462939595170,"updateDate":1462939595170,"applyBackgroundUpdates":1,"bootstrap":true,"skinnable":false,"size":2174460,"sourceURI":null,"releaseNotesURI":null,"softDisabled":false,"foreignInstall":true,"hasBinaryComponents":false,"strictCompatibility":false,"locales":[],"targetApplications":[{"id":"{ec8030f7-c20a-464f-9b0e-13a3a9e97384}","minVersion":"38.0a1","maxVersion":"43.0"}],"targetPlatforms":[],"multiprocessCompatible":false,"signedState":2,"seen":true}
1474727405612	DeferredSave.extensions.json	DEBUG	Save changes
1474727405612	addons.xpi	DEBUG	Updating database with changes to installed add-ons
1474727405612	addons.xpi-utils	DEBUG	Updating add-on states
1474727405617	addons.xpi-utils	DEBUG	Writing add-ons list
1474727405632	addons.xpi	DEBUG	Registering manifest for C:\Program Files\Mozilla Firefox\browser\features\e10srollout@mozilla.org.xpi
1474727405634	addons.xpi	DEBUG	Calling bootstrap method startup on e10srollout@mozilla.org version 1.0
1474727405635	addons.xpi	DEBUG	Registering manifest for C:\Program Files\Mozilla Firefox\browser\features\firefox@getpocket.com.xpi
1474727405637	addons.xpi	DEBUG	Calling bootstrap method startup on firefox@getpocket.com version 1.0
1474727405640	addons.xpi	DEBUG	Registering manifest for C:\Program Files\Mozilla Firefox\browser\features\loop@mozilla.org.xpi
1474727405642	addons.xpi	DEBUG	Calling bootstrap method startup on loop@mozilla.org version 1.2.6
1474727405770	addons.manager	DEBUG	Registering shutdown blocker for XPIProvider
1474727405771	addons.manager	DEBUG	Provider finished startup: XPIProvider
1474727405771	addons.manager	DEBUG	Starting provider: LightweightThemeManager
1474727405771	addons.manager	DEBUG	Registering shutdown blocker for LightweightThemeManager
1474727405772	addons.manager	DEBUG	Provider finished startup: LightweightThemeManager
1474727405773	addons.manager	DEBUG	Starting provider: GMPProvider
1474727405804	addons.manager	DEBUG	Registering shutdown blocker for GMPProvider
1474727405805	addons.manager	DEBUG	Provider finished startup: GMPProvider
1474727405805	addons.manager	DEBUG	Starting provider: PluginProvider
1474727405806	addons.manager	DEBUG	Registering shutdown blocker for PluginProvider
1474727405807	addons.manager	DEBUG	Provider finished startup: PluginProvider
1474727405808	addons.manager	DEBUG	Completed startup sequence
1474727409687	addons.manager	DEBUG	Starting provider: <unnamed-provider>
1474727409688	addons.manager	DEBUG	Registering shutdown blocker for <unnamed-provider>
1474727409688	addons.manager	DEBUG	Provider finished startup: <unnamed-provider>
1474727409705	DeferredSave.extensions.json	DEBUG	Write succeeded
1474727409705	DeferredSave.extensions.json	DEBUG	Starting timer
1474727410007	DeferredSave.extensions.json	DEBUG	Starting write
1474727411121	addons.repository	DEBUG	No addons.json found.
1474727411167	DeferredSave.addons.json	DEBUG	Save changes
1474727411191	DeferredSave.addons.json	DEBUG	Starting timer
1474727411487	addons.manager	DEBUG	Starting provider: PreviousExperimentProvider
1474727411487	addons.manager	DEBUG	Registering shutdown blocker for PreviousExperimentProvider
1474727411488	addons.manager	DEBUG	Provider finished startup: PreviousExperimentProvider
1474727411554	DeferredSave.addons.json	DEBUG	Starting write
1474727411709	DeferredSave.extensions.json	DEBUG	Write succeeded
1474727412378	DeferredSave.addons.json	DEBUG	Write succeeded

Build info: version: '2.53.1', revision: 'a36b8b1', time: '2016-06-30 17:37:03'
System info: host: 'Guru', ip: '192.168.1.7', os.name: 'Windows 10', os.arch: 'amd64', os.version: '10.0', java.version: '1.8.0_91'
Driver info: driver.version: FirefoxDriver
	at org.openqa.selenium.firefox.internal.NewProfileExtensionConnection.start(NewProfileExtensionConnection.java:124)
	at org.openqa.selenium.firefox.FirefoxDriver.startClient(FirefoxDriver.java:271)
	at org.openqa.selenium.remote.RemoteWebDriver.<init>(RemoteWebDriver.java:119)
	at org.openqa.selenium.firefox.FirefoxDriver.<init>(FirefoxDriver.java:218)
	at org.openqa.selenium.firefox.FirefoxDriver.<init>(FirefoxDriver.java:211)
	at org.openqa.selenium.firefox.FirefoxDriver.<init>(FirefoxDriver.java:207)
	at org.openqa.selenium.firefox.FirefoxDriver.<init>(FirefoxDriver.java:120)
	at scripts.SuperTest.preCondition(SuperTest.java:32)
	at java.util.concurrent.FutureTask.run(Unknown Source)
	at java.util.concurrent.ThreadPoolExecutor.runWorker(Unknown Source)
	at java.util.concurrent.ThreadPoolExecutor$Worker.run(Unknown Source)
	at java.lang.Thread.run(Unknown Source)
Caused by: org.openqa.selenium.firefox.NotConnectedException: Unable to connect to host 127.0.0.1 on port 7055 after 45000 ms. Firefox console output:
:null,"updateKey":null,"optionsURL":null,"optionsType":null,"aboutURL":null,"icons":{},"iconURL":"chrome://wrc/content/common/skin/img/icon48.png","icon64URL":null,"defaultLocale":{"name":"Avast Online Security","description":"Avast Browser Security and Web Reputation Plugin. Offering protection against known phishing and malware sites, improving your browsing overall browsing experience with crowd sourced web reputation rating.","creator":"AVAST Software","homepageURL":"http://www.avast.com/"},"visible":true,"active":false,"userDisabled":true,"appDisabled":false,"descriptor":"C:\\Program Files\\AVAST Software\\Avast\\WebRep\\FF","installDate":1462939595170,"updateDate":1462939595170,"applyBackgroundUpdates":1,"bootstrap":true,"skinnable":false,"size":2174460,"sourceURI":null,"releaseNotesURI":null,"softDisabled":false,"foreignInstall":true,"hasBinaryComponents":false,"strictCompatibility":false,"locales":[],"targetApplications":[{"id":"{ec8030f7-c20a-464f-9b0e-13a3a9e97384}","minVersion":"38.0a1","maxVersion":"43.0"}],"targetPlatforms":[],"multiprocessCompatible":false,"signedState":2,"seen":true}
1474727405612	DeferredSave.extensions.json	DEBUG	Save changes
1474727405612	addons.xpi	DEBUG	Updating database with changes to installed add-ons
1474727405612	addons.xpi-utils	DEBUG	Updating add-on states
1474727405617	addons.xpi-utils	DEBUG	Writing add-ons list
1474727405632	addons.xpi	DEBUG	Registering manifest for C:\Program Files\Mozilla Firefox\browser\features\e10srollout@mozilla.org.xpi
1474727405634	addons.xpi	DEBUG	Calling bootstrap method startup on e10srollout@mozilla.org version 1.0
1474727405635	addons.xpi	DEBUG	Registering manifest for C:\Program Files\Mozilla Firefox\browser\features\firefox@getpocket.com.xpi
1474727405637	addons.xpi	DEBUG	Calling bootstrap method startup on firefox@getpocket.com version 1.0
1474727405640	addons.xpi	DEBUG	Registering manifest for C:\Program Files\Mozilla Firefox\browser\features\loop@mozilla.org.xpi
1474727405642	addons.xpi	DEBUG	Calling bootstrap method startup on loop@mozilla.org version 1.2.6
1474727405770	addons.manager	DEBUG	Registering shutdown blocker for XPIProvider
1474727405771	addons.manager	DEBUG	Provider finished startup: XPIProvider
1474727405771	addons.manager	DEBUG	Starting provider: LightweightThemeManager
1474727405771	addons.manager	DEBUG	Registering shutdown blocker for LightweightThemeManager
1474727405772	addons.manager	DEBUG	Provider finished startup: LightweightThemeManager
1474727405773	addons.manager	DEBUG	Starting provider: GMPProvider
1474727405804	addons.manager	DEBUG	Registering shutdown blocker for GMPProvider
1474727405805	addons.manager	DEBUG	Provider finished startup: GMPProvider
1474727405805	addons.manager	DEBUG	Starting provider: PluginProvider
1474727405806	addons.manager	DEBUG	Registering shutdown blocker for PluginProvider
1474727405807	addons.manager	DEBUG	Provider finished startup: PluginProvider
1474727405808	addons.manager	DEBUG	Completed startup sequence
1474727409687	addons.manager	DEBUG	Starting provider: <unnamed-provider>
1474727409688	addons.manager	DEBUG	Registering shutdown blocker for <unnamed-provider>
1474727409688	addons.manager	DEBUG	Provider finished startup: <unnamed-provider>
1474727409705	DeferredSave.extensions.json	DEBUG	Write succeeded
1474727409705	DeferredSave.extensions.json	DEBUG	Starting timer
1474727410007	DeferredSave.extensions.json	DEBUG	Starting write
1474727411121	addons.repository	DEBUG	No addons.json found.
1474727411167	DeferredSave.addons.json	DEBUG	Save changes
1474727411191	DeferredSave.addons.json	DEBUG	Starting timer
1474727411487	addons.manager	DEBUG	Starting provider: PreviousExperimentProvider
1474727411487	addons.manager	DEBUG	Registering shutdown blocker for PreviousExperimentProvider
1474727411488	addons.manager	DEBUG	Provider finished startup: PreviousExperimentProvider
1474727411554	DeferredSave.addons.json	DEBUG	Starting write
1474727411709	DeferredSave.extensions.json	DEBUG	Write succeeded
1474727412378	DeferredSave.addons.json	DEBUG	Write succeeded

	at org.openqa.selenium.firefox.internal.NewProfileExtensionConnection.start(NewProfileExtensionConnection.java:112)
	... 25 more
... Removed 14 stack frames]]>
    </failure>
  </testcase> <!-- @BeforeTest preCondition -->
  <testcase name="@AfterTest CloseBrowser" time="0.0" classname="scripts.verifyItemSearchOnHomePage">
    <skipped/>
  </testcase> <!-- @AfterTest CloseBrowser -->
  <testcase name="testSearchProduct" time="0.005" classname="scripts.verifyItemSearchOnHomePage">
    <skipped/>
  </testcase> <!-- testSearchProduct -->
</testsuite> <!-- TestFirefox -->
